#
# There is insufficient memory for the Java Runtime Environment to continue.
# Native memory allocation (malloc) failed to allocate 250496 bytes for Chunk::new
# Possible reasons:
#   The system is out of physical RAM or swap space
#   The process is running with CompressedOops enabled, and the Java Heap may be blocking the growth of the native heap
# Possible solutions:
#   Reduce memory load on the system
#   Increase physical memory or swap space
#   Check if swap backing store is full
#   Decrease Java heap size (-Xmx/-Xms)
#   Decrease number of Java threads
#   Decrease Java thread stack sizes (-Xss)
#   Set larger code cache with -XX:ReservedCodeCacheSize=
#   JVM is running with Unscaled Compressed Oops mode in which the Java heap is
#     placed in the first 4GB address space. The Java Heap base address is the
#     maximum limit for the native heap growth. Please use -XX:HeapBaseMinAddress
#     to set the Java Heap base and to place the Java Heap above 4GB virtual address.
# This output file may be truncated or incomplete.
#
#  Out of Memory Error (arena.cpp:189), pid=3960, tid=15168
#
# JRE version: OpenJDK Runtime Environment JBR-17.0.5+1-653.25-jcef (17.0.5+1) (build 17.0.5+1-b653.25)
# Java VM: OpenJDK 64-Bit Server VM JBR-17.0.5+1-653.25-jcef (17.0.5+1-b653.25, mixed mode, tiered, compressed oops, compressed class ptrs, g1 gc, windows-amd64)
# No core dump will be written. Minidumps are not enabled by default on client versions of Windows
#

---------------  S U M M A R Y ------------

Command Line: -Dawt.toolkit=com.intellij.desktop.DesktopActionsToolkit -Djava.rmi.server.hostname=127.0.0.1 -Duser.timezone=UTC -Xmx750m -Xms128m --add-exports=java.desktop/sun.awt=ALL-UNNAMED --add-exports=java.desktop/java.awt.peer=ALL-UNNAMED --add-opens=java.desktop/java.awt=ALL-UNNAMED --add-opens=jdk.unsupported/sun.misc=ALL-UNNAMED --add-opens=java.base/java.nio=ALL-UNNAMED --add-opens=java.base/java.util=ALL-UNNAMED -Dfile.encoding=UTF-8 com.intellij.database.remote.RemoteJdbcServer org.postgresql.Driver

Host: Intel(R) Core(TM) i7-6600U CPU @ 2.60GHz, 4 cores, 7G,  Windows 10 , 64 bit Build 19041 (10.0.19041.4717)
Time: Sun Sep  8 13:53:08 2024 SE Asia Standard Time elapsed time: 8894.861494 seconds (0d 2h 28m 14s)

---------------  T H R E A D  ---------------

Current thread (0x000001cb3790ce00):  JavaThread "C2 CompilerThread0" daemon [_thread_in_native, id=15168, stack(0x000000ac5b900000,0x000000ac5ba00000)]


Current CompileTask:
C2:8894862 2220       4       jdk.internal.org.objectweb.asm.SymbolTable::addConstantUtf8Reference (101 bytes)

Stack: [0x000000ac5b900000,0x000000ac5ba00000]
Native frames: (J=compiled Java code, j=interpreted, Vv=VM code, C=native code)
V  [jvm.dll+0x6830ca]
V  [jvm.dll+0x83f4c4]
V  [jvm.dll+0x840c6e]
V  [jvm.dll+0x8412d3]
V  [jvm.dll+0x2490b5]
V  [jvm.dll+0xabd5c]
V  [jvm.dll+0xac32c]
V  [jvm.dll+0x2b02df]
V  [jvm.dll+0x589777]
V  [jvm.dll+0x223912]
V  [jvm.dll+0x21d262]
V  [jvm.dll+0x21aa7b]
V  [jvm.dll+0x1a470d]
V  [jvm.dll+0x22a5f8]
V  [jvm.dll+0x2286b9]
V  [jvm.dll+0x7f4eac]
V  [jvm.dll+0x7ef40a]
V  [jvm.dll+0x681f05]
C  [ucrtbase.dll+0x21bb2]
C  [KERNEL32.DLL+0x17374]
C  [ntdll.dll+0x4cc91]


---------------  P R O C E S S  ---------------

Threads class SMR info:
_java_thread_list=0x000001cb3cc7b640, length=23, elements={
0x000001cb206f7960, 0x000001cb36ed4620, 0x000001cb36ed53a0, 0x000001cb36ec08b0,
0x000001cb37909080, 0x000001cb3790b950, 0x000001cb3790c210, 0x000001cb3790ce00,
0x000001cb36f1e5b0, 0x000001cb36f1eac0, 0x000001cb37a58a80, 0x000001cb37a58f50,
0x000001cb37cf8a80, 0x000001cb37cf9dc0, 0x000001cb37cf7c10, 0x000001cb37cf9420,
0x000001cb37cf80e0, 0x000001cb37cf85b0, 0x000001cb37cf8f50, 0x000001cb37cf98f0,
0x000001cb37cfa290, 0x000001cb37cfa760, 0x000001cb37cfac30
}

Java Threads: ( => current thread )
  0x000001cb206f7960 JavaThread "main" [_thread_blocked, id=15476, stack(0x000000ac5ac00000,0x000000ac5ad00000)]
  0x000001cb36ed4620 JavaThread "Reference Handler" daemon [_thread_blocked, id=13472, stack(0x000000ac5b300000,0x000000ac5b400000)]
  0x000001cb36ed53a0 JavaThread "Finalizer" daemon [_thread_blocked, id=336, stack(0x000000ac5b400000,0x000000ac5b500000)]
  0x000001cb36ec08b0 JavaThread "Signal Dispatcher" daemon [_thread_blocked, id=17024, stack(0x000000ac5b500000,0x000000ac5b600000)]
  0x000001cb37909080 JavaThread "Attach Listener" daemon [_thread_blocked, id=12436, stack(0x000000ac5b600000,0x000000ac5b700000)]
  0x000001cb3790b950 JavaThread "Service Thread" daemon [_thread_blocked, id=14408, stack(0x000000ac5b700000,0x000000ac5b800000)]
  0x000001cb3790c210 JavaThread "Monitor Deflation Thread" daemon [_thread_blocked, id=13048, stack(0x000000ac5b800000,0x000000ac5b900000)]
=>0x000001cb3790ce00 JavaThread "C2 CompilerThread0" daemon [_thread_in_native, id=15168, stack(0x000000ac5b900000,0x000000ac5ba00000)]
  0x000001cb36f1e5b0 JavaThread "C1 CompilerThread0" daemon [_thread_blocked, id=9172, stack(0x000000ac5ba00000,0x000000ac5bb00000)]
  0x000001cb36f1eac0 JavaThread "Sweeper thread" daemon [_thread_blocked, id=11196, stack(0x000000ac5bb00000,0x000000ac5bc00000)]
  0x000001cb37a58a80 JavaThread "Common-Cleaner" daemon [_thread_blocked, id=8904, stack(0x000000ac5bc00000,0x000000ac5bd00000)]
  0x000001cb37a58f50 JavaThread "Notification Thread" daemon [_thread_blocked, id=1328, stack(0x000000ac5bd00000,0x000000ac5be00000)]
  0x000001cb37cf8a80 JavaThread "Java2D Disposer" daemon [_thread_blocked, id=9384, stack(0x000000ac5bf00000,0x000000ac5c000000)]
  0x000001cb37cf9dc0 JavaThread "AWT-Windows" daemon [_thread_in_vm, id=2176, stack(0x000000ac5c100000,0x000000ac5c200000)]
  0x000001cb37cf7c10 JavaThread "RMI TCP Accept-41289" daemon [_thread_in_native, id=14000, stack(0x000000ac5c200000,0x000000ac5c300000)]
  0x000001cb37cf9420 JavaThread "RMI TCP Accept-0" daemon [_thread_in_native, id=9636, stack(0x000000ac5c300000,0x000000ac5c400000)]
  0x000001cb37cf80e0 JavaThread "RMI Reaper" [_thread_blocked, id=704, stack(0x000000ac5c400000,0x000000ac5c500000)]
  0x000001cb37cf85b0 JavaThread "RMI GC Daemon" daemon [_thread_blocked, id=16492, stack(0x000000ac5c500000,0x000000ac5c600000)]
  0x000001cb37cf8f50 JavaThread "RMI TCP Connection(1)-127.0.0.1" daemon [_thread_in_native, id=4072, stack(0x000000ac5c600000,0x000000ac5c700000)]
  0x000001cb37cf98f0 JavaThread "RMI Scheduler(0)" daemon [_thread_blocked, id=9012, stack(0x000000ac5c800000,0x000000ac5c900000)]
  0x000001cb37cfa290 JavaThread "RMI RenewClean-[127.0.0.1:52186]" daemon [_thread_blocked, id=2104, stack(0x000000ac5c900000,0x000000ac5ca00000)]
  0x000001cb37cfa760 JavaThread "RMI TCP Connection(4)-127.0.0.1" daemon [_thread_in_native, id=11508, stack(0x000000ac5aa00000,0x000000ac5ab00000)]
  0x000001cb37cfac30 JavaThread "AWT-Shutdown" [_thread_blocked, id=812, stack(0x000000ac5ab00000,0x000000ac5ac00000)]

Other Threads:
  0x000001cb36eb0960 VMThread "VM Thread" [stack: 0x000000ac5b200000,0x000000ac5b300000] [id=11304]
  0x000001cb36e3ee40 WatcherThread [stack: 0x000000ac5be00000,0x000000ac5bf00000] [id=4020]
  0x000001cb2072b8a0 GCTaskThread "GC Thread#0" [stack: 0x000000ac5ad00000,0x000000ac5ae00000] [id=8552]
  0x000001cb380556a0 GCTaskThread "GC Thread#1" [stack: 0x000000ac5c000000,0x000000ac5c100000] [id=8364]
  0x000001cb37fa3030 GCTaskThread "GC Thread#2" [stack: 0x000000ac5cb00000,0x000000ac5cc00000] [id=9420]
  0x000001cb37fa32e0 GCTaskThread "GC Thread#3" [stack: 0x000000ac5cc00000,0x000000ac5cd00000] [id=4588]
  0x000001cb207324b0 ConcurrentGCThread "G1 Main Marker" [stack: 0x000000ac5ae00000,0x000000ac5af00000] [id=11984]
  0x000001cb20732dd0 ConcurrentGCThread "G1 Conc#0" [stack: 0x000000ac5af00000,0x000000ac5b000000] [id=7696]
  0x000001cb207ab7c0 ConcurrentGCThread "G1 Refine#0" [stack: 0x000000ac5b000000,0x000000ac5b100000] [id=13116]
  0x000001cb37fa6b10 ConcurrentGCThread "G1 Refine#1" [stack: 0x000000ac5cd00000,0x000000ac5ce00000] [id=1692]
  0x000001cb207ac890 ConcurrentGCThread "G1 Service" [stack: 0x000000ac5b100000,0x000000ac5b200000] [id=12424]

Threads with active compile tasks:
C2 CompilerThread0  8894922 2220       4       jdk.internal.org.objectweb.asm.SymbolTable::addConstantUtf8Reference (101 bytes)

VM state: not at safepoint (normal execution)

VM Mutex/Monitor currently owned by a thread: None

Heap address: 0x00000000d1200000, size: 750 MB, Compressed Oops mode: 32-bit

CDS archive(s) not mapped
Compressed class space mapped at: 0x0000000100000000-0x0000000140000000, reserved size: 1073741824
Narrow klass base: 0x0000000000000000, Narrow klass shift: 3, Narrow klass range: 0x140000000

GC Precious Log:
 CPUs: 4 total, 4 available
 Memory: 8047M
 Large Page Support: Disabled
 NUMA Support: Disabled
 Compressed Oops: Enabled (32-bit)
 Heap Region Size: 1M
 Heap Min Capacity: 128M
 Heap Initial Capacity: 128M
 Heap Max Capacity: 750M
 Pre-touch: Disabled
 Parallel Workers: 4
 Concurrent Workers: 1
 Concurrent Refinement Workers: 4
 Periodic GC: Disabled

Heap:
 garbage-first heap   total 131072K, used 12936K [0x00000000d1200000, 0x0000000100000000)
  region size 1024K, 6 young (6144K), 0 survivors (0K)
 Metaspace       used 20012K, committed 20416K, reserved 1073152K
  class space    used 1990K, committed 2112K, reserved 1048576K

Heap Regions: E=young(eden), S=young(survivor), O=old, HS=humongous(starts), HC=humongous(continues), CS=collection set, F=free, OA=open archive, CA=closed archive, TAMS=top-at-mark-start (previous, next)
|   0|0x00000000d1200000, 0x00000000d1300000, 0x00000000d1300000|100%|HS|  |TAMS 0x00000000d1300000, 0x00000000d1200000| Untracked 
|   1|0x00000000d1300000, 0x00000000d1400000, 0x00000000d1400000|100%|HC|  |TAMS 0x00000000d1400000, 0x00000000d1300000| Untracked 
|   2|0x00000000d1400000, 0x00000000d1500000, 0x00000000d1500000|100%|HC|  |TAMS 0x00000000d1500000, 0x00000000d1400000| Untracked 
|   3|0x00000000d1500000, 0x00000000d15e00d8, 0x00000000d1600000| 87%| O|  |TAMS 0x00000000d1500000, 0x00000000d1500000| Untracked 
|   4|0x00000000d1600000, 0x00000000d1700000, 0x00000000d1700000|100%| O|  |TAMS 0x00000000d1600000, 0x00000000d1600000| Untracked 
|   5|0x00000000d1700000, 0x00000000d17e12c8, 0x00000000d1800000| 87%| O|  |TAMS 0x00000000d1700000, 0x00000000d1700000| Untracked 
|   6|0x00000000d1800000, 0x00000000d18fffe8, 0x00000000d1900000| 99%| O|  |TAMS 0x00000000d1800000, 0x00000000d1800000| Untracked 
|   7|0x00000000d1900000, 0x00000000d197be00, 0x00000000d1a00000| 48%| O|  |TAMS 0x00000000d1900000, 0x00000000d1900000| Untracked 
|   8|0x00000000d1a00000, 0x00000000d1a00000, 0x00000000d1b00000|  0%| F|  |TAMS 0x00000000d1a00000, 0x00000000d1a00000| Untracked 
|   9|0x00000000d1b00000, 0x00000000d1b00000, 0x00000000d1c00000|  0%| F|  |TAMS 0x00000000d1b00000, 0x00000000d1b00000| Untracked 
|  10|0x00000000d1c00000, 0x00000000d1c65140, 0x00000000d1d00000| 39%| O|  |TAMS 0x00000000d1c00000, 0x00000000d1c00000| Untracked 
|  11|0x00000000d1d00000, 0x00000000d1d00000, 0x00000000d1e00000|  0%| F|  |TAMS 0x00000000d1d00000, 0x00000000d1d00000| Untracked 
|  12|0x00000000d1e00000, 0x00000000d1e00000, 0x00000000d1f00000|  0%| F|  |TAMS 0x00000000d1e00000, 0x00000000d1e00000| Untracked 
|  13|0x00000000d1f00000, 0x00000000d1f00000, 0x00000000d2000000|  0%| F|  |TAMS 0x00000000d1f00000, 0x00000000d1f00000| Untracked 
|  14|0x00000000d2000000, 0x00000000d2000000, 0x00000000d2100000|  0%| F|  |TAMS 0x00000000d2000000, 0x00000000d2000000| Untracked 
|  15|0x00000000d2100000, 0x00000000d2100000, 0x00000000d2200000|  0%| F|  |TAMS 0x00000000d2100000, 0x00000000d2100000| Untracked 
|  16|0x00000000d2200000, 0x00000000d2200000, 0x00000000d2300000|  0%| F|  |TAMS 0x00000000d2200000, 0x00000000d2200000| Untracked 
|  17|0x00000000d2300000, 0x00000000d2300000, 0x00000000d2400000|  0%| F|  |TAMS 0x00000000d2300000, 0x00000000d2300000| Untracked 
|  18|0x00000000d2400000, 0x00000000d2400000, 0x00000000d2500000|  0%| F|  |TAMS 0x00000000d2400000, 0x00000000d2400000| Untracked 
|  19|0x00000000d2500000, 0x00000000d2500000, 0x00000000d2600000|  0%| F|  |TAMS 0x00000000d2500000, 0x00000000d2500000| Untracked 
|  20|0x00000000d2600000, 0x00000000d2600000, 0x00000000d2700000|  0%| F|  |TAMS 0x00000000d2600000, 0x00000000d2600000| Untracked 
|  21|0x00000000d2700000, 0x00000000d2700000, 0x00000000d2800000|  0%| F|  |TAMS 0x00000000d2700000, 0x00000000d2700000| Untracked 
|  22|0x00000000d2800000, 0x00000000d2800000, 0x00000000d2900000|  0%| F|  |TAMS 0x00000000d2800000, 0x00000000d2800000| Untracked 
|  23|0x00000000d2900000, 0x00000000d2900000, 0x00000000d2a00000|  0%| F|  |TAMS 0x00000000d2900000, 0x00000000d2900000| Untracked 
|  24|0x00000000d2a00000, 0x00000000d2a00000, 0x00000000d2b00000|  0%| F|  |TAMS 0x00000000d2a00000, 0x00000000d2a00000| Untracked 
|  25|0x00000000d2b00000, 0x00000000d2b00000, 0x00000000d2c00000|  0%| F|  |TAMS 0x00000000d2b00000, 0x00000000d2b00000| Untracked 
|  26|0x00000000d2c00000, 0x00000000d2c00000, 0x00000000d2d00000|  0%| F|  |TAMS 0x00000000d2c00000, 0x00000000d2c00000| Untracked 
|  27|0x00000000d2d00000, 0x00000000d2d00000, 0x00000000d2e00000|  0%| F|  |TAMS 0x00000000d2d00000, 0x00000000d2d00000| Untracked 
|  28|0x00000000d2e00000, 0x00000000d2e00000, 0x00000000d2f00000|  0%| F|  |TAMS 0x00000000d2e00000, 0x00000000d2e00000| Untracked 
|  29|0x00000000d2f00000, 0x00000000d2f00000, 0x00000000d3000000|  0%| F|  |TAMS 0x00000000d2f00000, 0x00000000d2f00000| Untracked 
|  30|0x00000000d3000000, 0x00000000d3000000, 0x00000000d3100000|  0%| F|  |TAMS 0x00000000d3000000, 0x00000000d3000000| Untracked 
|  31|0x00000000d3100000, 0x00000000d3100000, 0x00000000d3200000|  0%| F|  |TAMS 0x00000000d3100000, 0x00000000d3100000| Untracked 
|  32|0x00000000d3200000, 0x00000000d3200000, 0x00000000d3300000|  0%| F|  |TAMS 0x00000000d3200000, 0x00000000d3200000| Untracked 
|  33|0x00000000d3300000, 0x00000000d3300000, 0x00000000d3400000|  0%| F|  |TAMS 0x00000000d3300000, 0x00000000d3300000| Untracked 
|  34|0x00000000d3400000, 0x00000000d3400000, 0x00000000d3500000|  0%| F|  |TAMS 0x00000000d3400000, 0x00000000d3400000| Untracked 
|  35|0x00000000d3500000, 0x00000000d3500000, 0x00000000d3600000|  0%| F|  |TAMS 0x00000000d3500000, 0x00000000d3500000| Untracked 
|  36|0x00000000d3600000, 0x00000000d3600000, 0x00000000d3700000|  0%| F|  |TAMS 0x00000000d3600000, 0x00000000d3600000| Untracked 
|  37|0x00000000d3700000, 0x00000000d3700000, 0x00000000d3800000|  0%| F|  |TAMS 0x00000000d3700000, 0x00000000d3700000| Untracked 
|  38|0x00000000d3800000, 0x00000000d3800000, 0x00000000d3900000|  0%| F|  |TAMS 0x00000000d3800000, 0x00000000d3800000| Untracked 
|  39|0x00000000d3900000, 0x00000000d3900000, 0x00000000d3a00000|  0%| F|  |TAMS 0x00000000d3900000, 0x00000000d3900000| Untracked 
|  40|0x00000000d3a00000, 0x00000000d3a00000, 0x00000000d3b00000|  0%| F|  |TAMS 0x00000000d3a00000, 0x00000000d3a00000| Untracked 
|  41|0x00000000d3b00000, 0x00000000d3b00000, 0x00000000d3c00000|  0%| F|  |TAMS 0x00000000d3b00000, 0x00000000d3b00000| Untracked 
|  42|0x00000000d3c00000, 0x00000000d3c00000, 0x00000000d3d00000|  0%| F|  |TAMS 0x00000000d3c00000, 0x00000000d3c00000| Untracked 
|  43|0x00000000d3d00000, 0x00000000d3d00000, 0x00000000d3e00000|  0%| F|  |TAMS 0x00000000d3d00000, 0x00000000d3d00000| Untracked 
|  44|0x00000000d3e00000, 0x00000000d3e00000, 0x00000000d3f00000|  0%| F|  |TAMS 0x00000000d3e00000, 0x00000000d3e00000| Untracked 
|  45|0x00000000d3f00000, 0x00000000d3f00000, 0x00000000d4000000|  0%| F|  |TAMS 0x00000000d3f00000, 0x00000000d3f00000| Untracked 
|  46|0x00000000d4000000, 0x00000000d4000000, 0x00000000d4100000|  0%| F|  |TAMS 0x00000000d4000000, 0x00000000d4000000| Untracked 
|  47|0x00000000d4100000, 0x00000000d4100000, 0x00000000d4200000|  0%| F|  |TAMS 0x00000000d4100000, 0x00000000d4100000| Untracked 
|  48|0x00000000d4200000, 0x00000000d4200000, 0x00000000d4300000|  0%| F|  |TAMS 0x00000000d4200000, 0x00000000d4200000| Untracked 
|  49|0x00000000d4300000, 0x00000000d4300000, 0x00000000d4400000|  0%| F|  |TAMS 0x00000000d4300000, 0x00000000d4300000| Untracked 
|  50|0x00000000d4400000, 0x00000000d4400000, 0x00000000d4500000|  0%| F|  |TAMS 0x00000000d4400000, 0x00000000d4400000| Untracked 
|  51|0x00000000d4500000, 0x00000000d4500000, 0x00000000d4600000|  0%| F|  |TAMS 0x00000000d4500000, 0x00000000d4500000| Untracked 
|  52|0x00000000d4600000, 0x00000000d4600000, 0x00000000d4700000|  0%| F|  |TAMS 0x00000000d4600000, 0x00000000d4600000| Untracked 
|  53|0x00000000d4700000, 0x00000000d4700000, 0x00000000d4800000|  0%| F|  |TAMS 0x00000000d4700000, 0x00000000d4700000| Untracked 
|  54|0x00000000d4800000, 0x00000000d4800000, 0x00000000d4900000|  0%| F|  |TAMS 0x00000000d4800000, 0x00000000d4800000| Untracked 
|  55|0x00000000d4900000, 0x00000000d4900000, 0x00000000d4a00000|  0%| F|  |TAMS 0x00000000d4900000, 0x00000000d4900000| Untracked 
|  56|0x00000000d4a00000, 0x00000000d4a00000, 0x00000000d4b00000|  0%| F|  |TAMS 0x00000000d4a00000, 0x00000000d4a00000| Untracked 
|  57|0x00000000d4b00000, 0x00000000d4b00000, 0x00000000d4c00000|  0%| F|  |TAMS 0x00000000d4b00000, 0x00000000d4b00000| Untracked 
|  58|0x00000000d4c00000, 0x00000000d4c00000, 0x00000000d4d00000|  0%| F|  |TAMS 0x00000000d4c00000, 0x00000000d4c00000| Untracked 
|  59|0x00000000d4d00000, 0x00000000d4d00000, 0x00000000d4e00000|  0%| F|  |TAMS 0x00000000d4d00000, 0x00000000d4d00000| Untracked 
|  60|0x00000000d4e00000, 0x00000000d4e00000, 0x00000000d4f00000|  0%| F|  |TAMS 0x00000000d4e00000, 0x00000000d4e00000| Untracked 
|  61|0x00000000d4f00000, 0x00000000d4f00000, 0x00000000d5000000|  0%| F|  |TAMS 0x00000000d4f00000, 0x00000000d4f00000| Untracked 
|  62|0x00000000d5000000, 0x00000000d5000000, 0x00000000d5100000|  0%| F|  |TAMS 0x00000000d5000000, 0x00000000d5000000| Untracked 
|  63|0x00000000d5100000, 0x00000000d5100000, 0x00000000d5200000|  0%| F|  |TAMS 0x00000000d5100000, 0x00000000d5100000| Untracked 
|  64|0x00000000d5200000, 0x00000000d5200000, 0x00000000d5300000|  0%| F|  |TAMS 0x00000000d5200000, 0x00000000d5200000| Untracked 
|  65|0x00000000d5300000, 0x00000000d5300000, 0x00000000d5400000|  0%| F|  |TAMS 0x00000000d5300000, 0x00000000d5300000| Untracked 
|  66|0x00000000d5400000, 0x00000000d5400000, 0x00000000d5500000|  0%| F|  |TAMS 0x00000000d5400000, 0x00000000d5400000| Untracked 
|  67|0x00000000d5500000, 0x00000000d5500000, 0x00000000d5600000|  0%| F|  |TAMS 0x00000000d5500000, 0x00000000d5500000| Untracked 
|  68|0x00000000d5600000, 0x00000000d5600000, 0x00000000d5700000|  0%| F|  |TAMS 0x00000000d5600000, 0x00000000d5600000| Untracked 
|  69|0x00000000d5700000, 0x00000000d5700000, 0x00000000d5800000|  0%| F|  |TAMS 0x00000000d5700000, 0x00000000d5700000| Untracked 
|  70|0x00000000d5800000, 0x00000000d5800000, 0x00000000d5900000|  0%| F|  |TAMS 0x00000000d5800000, 0x00000000d5800000| Untracked 
|  71|0x00000000d5900000, 0x00000000d5900000, 0x00000000d5a00000|  0%| F|  |TAMS 0x00000000d5900000, 0x00000000d5900000| Untracked 
|  72|0x00000000d5a00000, 0x00000000d5a00000, 0x00000000d5b00000|  0%| F|  |TAMS 0x00000000d5a00000, 0x00000000d5a00000| Untracked 
|  73|0x00000000d5b00000, 0x00000000d5b00000, 0x00000000d5c00000|  0%| F|  |TAMS 0x00000000d5b00000, 0x00000000d5b00000| Untracked 
|  74|0x00000000d5c00000, 0x00000000d5c00000, 0x00000000d5d00000|  0%| F|  |TAMS 0x00000000d5c00000, 0x00000000d5c00000| Untracked 
|  75|0x00000000d5d00000, 0x00000000d5d00000, 0x00000000d5e00000|  0%| F|  |TAMS 0x00000000d5d00000, 0x00000000d5d00000| Untracked 
|  76|0x00000000d5e00000, 0x00000000d5e00000, 0x00000000d5f00000|  0%| F|  |TAMS 0x00000000d5e00000, 0x00000000d5e00000| Untracked 
|  77|0x00000000d5f00000, 0x00000000d5f00000, 0x00000000d6000000|  0%| F|  |TAMS 0x00000000d5f00000, 0x00000000d5f00000| Untracked 
|  78|0x00000000d6000000, 0x00000000d6000000, 0x00000000d6100000|  0%| F|  |TAMS 0x00000000d6000000, 0x00000000d6000000| Untracked 
|  79|0x00000000d6100000, 0x00000000d6100000, 0x00000000d6200000|  0%| F|  |TAMS 0x00000000d6100000, 0x00000000d6100000| Untracked 
|  80|0x00000000d6200000, 0x00000000d6200000, 0x00000000d6300000|  0%| F|  |TAMS 0x00000000d6200000, 0x00000000d6200000| Untracked 
|  81|0x00000000d6300000, 0x00000000d6300000, 0x00000000d6400000|  0%| F|  |TAMS 0x00000000d6300000, 0x00000000d6300000| Untracked 
|  82|0x00000000d6400000, 0x00000000d6400000, 0x00000000d6500000|  0%| F|  |TAMS 0x00000000d6400000, 0x00000000d6400000| Untracked 
|  83|0x00000000d6500000, 0x00000000d6500000, 0x00000000d6600000|  0%| F|  |TAMS 0x00000000d6500000, 0x00000000d6500000| Untracked 
|  84|0x00000000d6600000, 0x00000000d6600000, 0x00000000d6700000|  0%| F|  |TAMS 0x00000000d6600000, 0x00000000d6600000| Untracked 
|  85|0x00000000d6700000, 0x00000000d6700000, 0x00000000d6800000|  0%| F|  |TAMS 0x00000000d6700000, 0x00000000d6700000| Untracked 
|  86|0x00000000d6800000, 0x00000000d6800000, 0x00000000d6900000|  0%| F|  |TAMS 0x00000000d6800000, 0x00000000d6800000| Untracked 
|  87|0x00000000d6900000, 0x00000000d6900000, 0x00000000d6a00000|  0%| F|  |TAMS 0x00000000d6900000, 0x00000000d6900000| Untracked 
|  88|0x00000000d6a00000, 0x00000000d6a00000, 0x00000000d6b00000|  0%| F|  |TAMS 0x00000000d6a00000, 0x00000000d6a00000| Untracked 
|  89|0x00000000d6b00000, 0x00000000d6b00000, 0x00000000d6c00000|  0%| F|  |TAMS 0x00000000d6b00000, 0x00000000d6b00000| Untracked 
|  90|0x00000000d6c00000, 0x00000000d6c00000, 0x00000000d6d00000|  0%| F|  |TAMS 0x00000000d6c00000, 0x00000000d6c00000| Untracked 
|  91|0x00000000d6d00000, 0x00000000d6d00000, 0x00000000d6e00000|  0%| F|  |TAMS 0x00000000d6d00000, 0x00000000d6d00000| Untracked 
|  92|0x00000000d6e00000, 0x00000000d6e00000, 0x00000000d6f00000|  0%| F|  |TAMS 0x00000000d6e00000, 0x00000000d6e00000| Untracked 
|  93|0x00000000d6f00000, 0x00000000d6f00000, 0x00000000d7000000|  0%| F|  |TAMS 0x00000000d6f00000, 0x00000000d6f00000| Untracked 
|  94|0x00000000d7000000, 0x00000000d7000000, 0x00000000d7100000|  0%| F|  |TAMS 0x00000000d7000000, 0x00000000d7000000| Untracked 
|  95|0x00000000d7100000, 0x00000000d7100000, 0x00000000d7200000|  0%| F|  |TAMS 0x00000000d7100000, 0x00000000d7100000| Untracked 
|  96|0x00000000d7200000, 0x00000000d7200000, 0x00000000d7300000|  0%| F|  |TAMS 0x00000000d7200000, 0x00000000d7200000| Untracked 
|  97|0x00000000d7300000, 0x00000000d7300000, 0x00000000d7400000|  0%| F|  |TAMS 0x00000000d7300000, 0x00000000d7300000| Untracked 
|  98|0x00000000d7400000, 0x00000000d7400000, 0x00000000d7500000|  0%| F|  |TAMS 0x00000000d7400000, 0x00000000d7400000| Untracked 
|  99|0x00000000d7500000, 0x00000000d7500000, 0x00000000d7600000|  0%| F|  |TAMS 0x00000000d7500000, 0x00000000d7500000| Untracked 
| 100|0x00000000d7600000, 0x00000000d7600000, 0x00000000d7700000|  0%| F|  |TAMS 0x00000000d7600000, 0x00000000d7600000| Untracked 
| 101|0x00000000d7700000, 0x00000000d7700000, 0x00000000d7800000|  0%| F|  |TAMS 0x00000000d7700000, 0x00000000d7700000| Untracked 
| 102|0x00000000d7800000, 0x00000000d7800000, 0x00000000d7900000|  0%| F|  |TAMS 0x00000000d7800000, 0x00000000d7800000| Untracked 
| 103|0x00000000d7900000, 0x00000000d7900000, 0x00000000d7a00000|  0%| F|  |TAMS 0x00000000d7900000, 0x00000000d7900000| Untracked 
| 104|0x00000000d7a00000, 0x00000000d7a00000, 0x00000000d7b00000|  0%| F|  |TAMS 0x00000000d7a00000, 0x00000000d7a00000| Untracked 
| 105|0x00000000d7b00000, 0x00000000d7b00000, 0x00000000d7c00000|  0%| F|  |TAMS 0x00000000d7b00000, 0x00000000d7b00000| Untracked 
| 106|0x00000000d7c00000, 0x00000000d7c00000, 0x00000000d7d00000|  0%| F|  |TAMS 0x00000000d7c00000, 0x00000000d7c00000| Untracked 
| 107|0x00000000d7d00000, 0x00000000d7d00000, 0x00000000d7e00000|  0%| F|  |TAMS 0x00000000d7d00000, 0x00000000d7d00000| Untracked 
| 108|0x00000000d7e00000, 0x00000000d7e00000, 0x00000000d7f00000|  0%| F|  |TAMS 0x00000000d7e00000, 0x00000000d7e00000| Untracked 
| 109|0x00000000d7f00000, 0x00000000d7f00000, 0x00000000d8000000|  0%| F|  |TAMS 0x00000000d7f00000, 0x00000000d7f00000| Untracked 
| 110|0x00000000d8000000, 0x00000000d8000000, 0x00000000d8100000|  0%| F|  |TAMS 0x00000000d8000000, 0x00000000d8000000| Untracked 
| 111|0x00000000d8100000, 0x00000000d8100000, 0x00000000d8200000|  0%| F|  |TAMS 0x00000000d8100000, 0x00000000d8100000| Untracked 
| 112|0x00000000d8200000, 0x00000000d8200000, 0x00000000d8300000|  0%| F|  |TAMS 0x00000000d8200000, 0x00000000d8200000| Untracked 
| 113|0x00000000d8300000, 0x00000000d8300000, 0x00000000d8400000|  0%| F|  |TAMS 0x00000000d8300000, 0x00000000d8300000| Untracked 
| 114|0x00000000d8400000, 0x00000000d8400000, 0x00000000d8500000|  0%| F|  |TAMS 0x00000000d8400000, 0x00000000d8400000| Untracked 
| 115|0x00000000d8500000, 0x00000000d8500000, 0x00000000d8600000|  0%| F|  |TAMS 0x00000000d8500000, 0x00000000d8500000| Untracked 
| 116|0x00000000d8600000, 0x00000000d8600000, 0x00000000d8700000|  0%| F|  |TAMS 0x00000000d8600000, 0x00000000d8600000| Untracked 
| 117|0x00000000d8700000, 0x00000000d8700000, 0x00000000d8800000|  0%| F|  |TAMS 0x00000000d8700000, 0x00000000d8700000| Untracked 
| 118|0x00000000d8800000, 0x00000000d8800000, 0x00000000d8900000|  0%| F|  |TAMS 0x00000000d8800000, 0x00000000d8800000| Untracked 
| 119|0x00000000d8900000, 0x00000000d8900000, 0x00000000d8a00000|  0%| F|  |TAMS 0x00000000d8900000, 0x00000000d8900000| Untracked 
| 120|0x00000000d8a00000, 0x00000000d8a00000, 0x00000000d8b00000|  0%| F|  |TAMS 0x00000000d8a00000, 0x00000000d8a00000| Untracked 
| 121|0x00000000d8b00000, 0x00000000d8b00000, 0x00000000d8c00000|  0%| F|  |TAMS 0x00000000d8b00000, 0x00000000d8b00000| Untracked 
| 122|0x00000000d8c00000, 0x00000000d8cbe870, 0x00000000d8d00000| 74%| E|  |TAMS 0x00000000d8c00000, 0x00000000d8c00000| Complete 
| 123|0x00000000d8d00000, 0x00000000d8e00000, 0x00000000d8e00000|100%| E|CS|TAMS 0x00000000d8d00000, 0x00000000d8d00000| Complete 
| 124|0x00000000d8e00000, 0x00000000d8f00000, 0x00000000d8f00000|100%| E|CS|TAMS 0x00000000d8e00000, 0x00000000d8e00000| Complete 
| 125|0x00000000d8f00000, 0x00000000d9000000, 0x00000000d9000000|100%| E|CS|TAMS 0x00000000d8f00000, 0x00000000d8f00000| Complete 
| 126|0x00000000d9000000, 0x00000000d9100000, 0x00000000d9100000|100%| E|CS|TAMS 0x00000000d9000000, 0x00000000d9000000| Complete 
| 127|0x00000000d9100000, 0x00000000d9200000, 0x00000000d9200000|100%| E|CS|TAMS 0x00000000d9100000, 0x00000000d9100000| Complete 

Card table byte_map: [0x000001cb32e60000,0x000001cb32fe0000] _byte_map_base: 0x000001cb327d7000

Marking Bits (Prev, Next): (CMBitMap*) 0x000001cb2072bdc0, (CMBitMap*) 0x000001cb2072be00
 Prev Bits: [0x000001cb33160000, 0x000001cb33d18000)
 Next Bits: [0x000001cb33d20000, 0x000001cb348d8000)

Polling page: 0x000001cb1e640000

Metaspace:

Usage:
  Non-class:     17.60 MB used.
      Class:      1.94 MB used.
       Both:     19.54 MB used.

Virtual space:
  Non-class space:       24.00 MB reserved,      17.88 MB ( 74%) committed,  3 nodes.
      Class space:        1.00 GB reserved,       2.06 MB ( <1%) committed,  1 nodes.
             Both:        1.02 GB reserved,      19.94 MB (  2%) committed. 

Chunk freelists:
   Non-Class:  2.25 MB
       Class:  2.02 MB
        Both:  4.27 MB

MaxMetaspaceSize: unlimited
CompressedClassSpaceSize: 1.00 GB
Initial GC threshold: 21.00 MB
Current GC threshold: 33.12 MB
CDS: off
MetaspaceReclaimPolicy: balanced
 - commit_granule_bytes: 65536.
 - commit_granule_words: 8192.
 - virtual_space_node_default_size: 1048576.
 - enlarge_chunks_in_place: 1.
 - new_chunks_are_fully_committed: 0.
 - uncommit_free_chunks: 1.
 - use_allocation_guard: 0.
 - handle_deallocations: 1.


Internal statistics:

num_allocs_failed_limit: 0.
num_arena_births: 276.
num_arena_deaths: 146.
num_vsnodes_births: 4.
num_vsnodes_deaths: 0.
num_space_committed: 319.
num_space_uncommitted: 0.
num_chunks_returned_to_freelist: 197.
num_chunks_taken_from_freelist: 605.
num_chunk_merges: 65.
num_chunk_splits: 336.
num_chunks_enlarged: 155.
num_purges: 2.
num_inconsistent_stats: 0.

CodeHeap 'non-profiled nmethods': size=120000Kb used=1257Kb max_used=1257Kb free=118742Kb
 bounds [0x000001cb2b930000, 0x000001cb2bba0000, 0x000001cb32e60000]
CodeHeap 'profiled nmethods': size=120000Kb used=4478Kb max_used=4478Kb free=115521Kb
 bounds [0x000001cb24400000, 0x000001cb24860000, 0x000001cb2b930000]
CodeHeap 'non-nmethods': size=5760Kb used=1236Kb max_used=1316Kb free=4523Kb
 bounds [0x000001cb23e60000, 0x000001cb240d0000, 0x000001cb24400000]
 total_blobs=2773 nmethods=2219 adapters=467
 compilation: enabled
              stopped_count=0, restarted_count=0
 full_count=0

Compilation events (20 events):
Event: 8402.109 Thread 0x000001cb36f1e5b0 nmethod 2209 0x000001cb2485e010 code [0x000001cb2485e1a0, 0x000001cb2485e318]
Event: 8702.106 Thread 0x000001cb36f1e5b0 2210       3       java.util.HashSet::isEmpty (8 bytes)
Event: 8702.120 Thread 0x000001cb36f1e5b0 nmethod 2210 0x000001cb2485e390 code [0x000001cb2485e520, 0x000001cb2485e778]
Event: 8702.121 Thread 0x000001cb36f1e5b0 2211       1       java.net.StandardSocketOptions$StdSocketOption::type (5 bytes)
Event: 8702.122 Thread 0x000001cb36f1e5b0 nmethod 2211 0x000001cb2ba68b90 code [0x000001cb2ba68d20, 0x000001cb2ba68df8]
Event: 8702.122 Thread 0x000001cb36f1e5b0 2212       1       sun.net.ext.ExtendedSocketOptions::options (5 bytes)
Event: 8702.124 Thread 0x000001cb36f1e5b0 nmethod 2212 0x000001cb2ba68e90 code [0x000001cb2ba69020, 0x000001cb2ba690f8]
Event: 8702.125 Thread 0x000001cb36f1e5b0 2213       1       sun.nio.ch.OptionKey::level (5 bytes)
Event: 8702.125 Thread 0x000001cb36f1e5b0 nmethod 2213 0x000001cb2ba69190 code [0x000001cb2ba69320, 0x000001cb2ba693f8]
Event: 8702.125 Thread 0x000001cb36f1e5b0 2214       1       sun.nio.ch.OptionKey::name (5 bytes)
Event: 8702.125 Thread 0x000001cb36f1e5b0 nmethod 2214 0x000001cb2ba69490 code [0x000001cb2ba69620, 0x000001cb2ba696f8]
Event: 8717.566 Thread 0x000001cb3790ce00 2215       4       sun.rmi.transport.ObjectEndpoint::equals (45 bytes)
Event: 8717.571 Thread 0x000001cb3790ce00 nmethod 2215 0x000001cb2ba69790 code [0x000001cb2ba69920, 0x000001cb2ba69b18]
Event: 8819.456 Thread 0x000001cb3790ce00 2216       4       jdk.internal.misc.Unsafe::weakCompareAndSetInt (11 bytes)
Event: 8819.460 Thread 0x000001cb3790ce00 nmethod 2216 0x000001cb2ba69d90 code [0x000001cb2ba69f00, 0x000001cb2ba69f98]
Event: 8894.741 Thread 0x000001cb36f1e5b0 2218       1       java.lang.AbstractStringBuilder::length (5 bytes)
Event: 8894.742 Thread 0x000001cb36f1e5b0 nmethod 2218 0x000001cb2ba6a390 code [0x000001cb2ba6a520, 0x000001cb2ba6a5f8]
Event: 8894.829 Thread 0x000001cb36f1e5b0 2219       3       java.lang.invoke.BoundMethodHandle::editor (8 bytes)
Event: 8894.830 Thread 0x000001cb36f1e5b0 nmethod 2219 0x000001cb2485e890 code [0x000001cb2485ea60, 0x000001cb2485ede8]
Event: 8894.831 Thread 0x000001cb3790ce00 2220       4       jdk.internal.org.objectweb.asm.SymbolTable::addConstantUtf8Reference (101 bytes)

GC Heap History (8 events):
Event: 2.470 GC heap before
{Heap before GC invocations=0 (full 0):
 garbage-first heap   total 131072K, used 15360K [0x00000000d1200000, 0x0000000100000000)
  region size 1024K, 13 young (13312K), 0 survivors (0K)
 Metaspace       used 15680K, committed 15872K, reserved 1064960K
  class space    used 1624K, committed 1728K, reserved 1048576K
}
Event: 2.477 GC heap after
{Heap after GC invocations=1 (full 0):
 garbage-first heap   total 131072K, used 7070K [0x00000000d1200000, 0x0000000100000000)
  region size 1024K, 2 young (2048K), 2 survivors (2048K)
 Metaspace       used 15680K, committed 15872K, reserved 1064960K
  class space    used 1624K, committed 1728K, reserved 1048576K
}
Event: 3.135 GC heap before
{Heap before GC invocations=1 (full 0):
 garbage-first heap   total 131072K, used 18334K [0x00000000d1200000, 0x0000000100000000)
  region size 1024K, 13 young (13312K), 2 survivors (2048K)
 Metaspace       used 19406K, committed 19648K, reserved 1073152K
  class space    used 1988K, committed 2112K, reserved 1048576K
}
Event: 3.142 GC heap after
{Heap after GC invocations=2 (full 0):
 garbage-first heap   total 131072K, used 8792K [0x00000000d1200000, 0x0000000100000000)
  region size 1024K, 2 young (2048K), 2 survivors (2048K)
 Metaspace       used 19406K, committed 19648K, reserved 1073152K
  class space    used 1988K, committed 2112K, reserved 1048576K
}
Event: 3600.042 GC heap before
{Heap before GC invocations=2 (full 0):
 garbage-first heap   total 131072K, used 25176K [0x00000000d1200000, 0x0000000100000000)
  region size 1024K, 19 young (19456K), 2 survivors (2048K)
 Metaspace       used 20142K, committed 20352K, reserved 1073152K
  class space    used 2017K, committed 2112K, reserved 1048576K
}
Event: 3600.186 GC heap after
{Heap after GC invocations=3 (full 1):
 garbage-first heap   total 131072K, used 8516K [0x00000000d1200000, 0x0000000100000000)
  region size 1024K, 0 young (0K), 0 survivors (0K)
 Metaspace       used 20142K, committed 20352K, reserved 1073152K
  class space    used 2017K, committed 2112K, reserved 1048576K
}
Event: 7201.239 GC heap before
{Heap before GC invocations=3 (full 1):
 garbage-first heap   total 131072K, used 19780K [0x00000000d1200000, 0x0000000100000000)
  region size 1024K, 12 young (12288K), 0 survivors (0K)
 Metaspace       used 20145K, committed 20352K, reserved 1073152K
  class space    used 2017K, committed 2112K, reserved 1048576K
}
Event: 7201.486 GC heap after
{Heap after GC invocations=4 (full 2):
 garbage-first heap   total 131072K, used 7816K [0x00000000d1200000, 0x0000000100000000)
  region size 1024K, 0 young (0K), 0 survivors (0K)
 Metaspace       used 19959K, committed 20352K, reserved 1073152K
  class space    used 1976K, committed 2112K, reserved 1048576K
}

Dll operation events (1 events):
Event: 0.024 Loaded shared library C:\Program Files\JetBrains\IntelliJ IDEA 2022.3.2\jbr\bin\java.dll

Deoptimization events (20 events):
Event: 3.119 Thread 0x000001cb37cfac30 DEOPT PACKING pc=0x000001cb2b98f2f8 sp=0x000000ac5c7fd1c0
Event: 3.119 Thread 0x000001cb37cfac30 DEOPT UNPACKING pc=0x000001cb23eb23a3 sp=0x000000ac5c7fd170 mode 2
Event: 4.256 Thread 0x000001cb37cfac30 DEOPT PACKING pc=0x000001cb24445ed6 sp=0x000000ac5c7fdbe0
Event: 4.257 Thread 0x000001cb37cfac30 DEOPT UNPACKING pc=0x000001cb23eb2b43 sp=0x000000ac5c7fd080 mode 0
Event: 7202.103 Thread 0x000001cb37cfa290 Uncommon trap: trap_request=0xffffff45 fr.pc=0x000001cb2b9f9b50 relative=0x0000000000000370
Event: 7202.103 Thread 0x000001cb37cfa290 Uncommon trap: reason=unstable_if action=reinterpret pc=0x000001cb2b9f9b50 method=java.io.ClassCache.processQueue()V @ 9 c2
Event: 7202.103 Thread 0x000001cb37cfa290 DEOPT PACKING pc=0x000001cb2b9f9b50 sp=0x000000ac5c9ff020
Event: 7202.103 Thread 0x000001cb37cfa290 DEOPT UNPACKING pc=0x000001cb23eb23a3 sp=0x000000ac5c9fef00 mode 2
Event: 7202.103 Thread 0x000001cb37cfa290 Uncommon trap: trap_request=0xffffff45 fr.pc=0x000001cb2b9dcb94 relative=0x0000000000000654
Event: 7202.103 Thread 0x000001cb37cfa290 Uncommon trap: reason=unstable_if action=reinterpret pc=0x000001cb2b9dcb94 method=java.lang.ClassValue.match(Ljava/lang/ClassValue$Entry;)Z @ 12 c2
Event: 7202.103 Thread 0x000001cb37cfa290 DEOPT PACKING pc=0x000001cb2b9dcb94 sp=0x000000ac5c9fef80
Event: 7202.103 Thread 0x000001cb37cfa290 DEOPT UNPACKING pc=0x000001cb23eb23a3 sp=0x000000ac5c9fee70 mode 2
Event: 7637.883 Thread 0x000001cb37cfa760 Uncommon trap: trap_request=0xffffffcc fr.pc=0x000001cb2ba4d2b4 relative=0x0000000000003554
Event: 7637.884 Thread 0x000001cb37cfa760 Uncommon trap: reason=intrinsic_or_type_checked_inlining action=make_not_entrant pc=0x000001cb2ba4d2b4 method=java.util.ArrayList.toArray([Ljava/lang/Object;)[Ljava/lang/Object; @ 36 c2
Event: 7637.884 Thread 0x000001cb37cfa760 DEOPT PACKING pc=0x000001cb2ba4d2b4 sp=0x000000ac5aafe480
Event: 7637.884 Thread 0x000001cb37cfa760 DEOPT UNPACKING pc=0x000001cb23eb23a3 sp=0x000000ac5aafe2c0 mode 2
Event: 8894.400 Thread 0x000001cb37cf9dc0 Uncommon trap: trap_request=0xffffff45 fr.pc=0x000001cb2b9ccbc8 relative=0x00000000000000c8
Event: 8894.401 Thread 0x000001cb37cf9dc0 Uncommon trap: reason=unstable_if action=reinterpret pc=0x000001cb2b9ccbc8 method=java.lang.ref.SoftReference.get()Ljava/lang/Object; @ 6 c2
Event: 8894.401 Thread 0x000001cb37cf9dc0 DEOPT PACKING pc=0x000001cb2b9ccbc8 sp=0x000000ac5c1fd770
Event: 8894.409 Thread 0x000001cb37cf9dc0 DEOPT UNPACKING pc=0x000001cb23eb23a3 sp=0x000000ac5c1fd720 mode 2

Classes unloaded (20 events):
Event: 7201.307 Thread 0x000001cb36eb0960 Unloading class 0x0000000100140c00 'java/lang/invoke/LambdaForm$MH+0x0000000100140c00'
Event: 7201.307 Thread 0x000001cb36eb0960 Unloading class 0x0000000100140000 'java/lang/invoke/LambdaForm$DMH+0x0000000100140000'
Event: 7201.307 Thread 0x000001cb36eb0960 Unloading class 0x00000001000ca800 'java/lang/invoke/LambdaForm$DMH+0x00000001000ca800'
Event: 7201.308 Thread 0x000001cb36eb0960 Unloading class 0x00000001000c9800 'java/lang/invoke/LambdaForm$MH+0x00000001000c9800'
Event: 7201.308 Thread 0x000001cb36eb0960 Unloading class 0x00000001000c9400 'java/lang/invoke/LambdaForm$MH+0x00000001000c9400'
Event: 7201.308 Thread 0x000001cb36eb0960 Unloading class 0x00000001000c8c00 'java/lang/invoke/LambdaForm$MH+0x00000001000c8c00'
Event: 7201.309 Thread 0x000001cb36eb0960 Unloading class 0x00000001000c8400 'java/lang/invoke/LambdaForm$MH+0x00000001000c8400'
Event: 7201.309 Thread 0x000001cb36eb0960 Unloading class 0x00000001000c8000 'java/lang/invoke/LambdaForm$MH+0x00000001000c8000'
Event: 7201.309 Thread 0x000001cb36eb0960 Unloading class 0x00000001000c7c00 'java/lang/invoke/LambdaForm$MH+0x00000001000c7c00'
Event: 7201.309 Thread 0x000001cb36eb0960 Unloading class 0x00000001000c7800 'java/lang/invoke/LambdaForm$MH+0x00000001000c7800'
Event: 7201.309 Thread 0x000001cb36eb0960 Unloading class 0x00000001000c7400 'java/lang/invoke/LambdaForm$MH+0x00000001000c7400'
Event: 7201.309 Thread 0x000001cb36eb0960 Unloading class 0x00000001000c7000 'java/lang/invoke/LambdaForm$MH+0x00000001000c7000'
Event: 7201.309 Thread 0x000001cb36eb0960 Unloading class 0x00000001000c6c00 'java/lang/invoke/LambdaForm$MH+0x00000001000c6c00'
Event: 7201.309 Thread 0x000001cb36eb0960 Unloading class 0x00000001000c6800 'java/lang/invoke/LambdaForm$MH+0x00000001000c6800'
Event: 7201.309 Thread 0x000001cb36eb0960 Unloading class 0x00000001000c6000 'java/lang/invoke/LambdaForm$MH+0x00000001000c6000'
Event: 7201.309 Thread 0x000001cb36eb0960 Unloading class 0x00000001000c5800 'java/lang/invoke/LambdaForm$MH+0x00000001000c5800'
Event: 7201.310 Thread 0x000001cb36eb0960 Unloading class 0x00000001000c5400 'java/lang/invoke/LambdaForm$MH+0x00000001000c5400'
Event: 7201.310 Thread 0x000001cb36eb0960 Unloading class 0x00000001000c4c00 'java/lang/invoke/LambdaForm$MH+0x00000001000c4c00'
Event: 7201.310 Thread 0x000001cb36eb0960 Unloading class 0x00000001000c4800 'java/lang/invoke/LambdaForm$MH+0x00000001000c4800'
Event: 7201.310 Thread 0x000001cb36eb0960 Unloading class 0x00000001000c4000 'java/lang/invoke/LambdaForm$MH+0x00000001000c4000'

Classes redefined (0 events):
No events

Internal exceptions (20 events):
Event: 2.181 Thread 0x000001cb37cfac30 Exception <a 'java/lang/NoSuchMethodError'{0x00000000d87054c8}: 'void java.lang.invoke.DirectMethodHandle$Holder.invokeStatic(java.lang.Object, java.lang.Object, java.lang.Object, java.lang.Object)'> (0x00000000d87054c8) 
thrown [s\src\hotspot\share\interpreter\linkResolver.cpp, line 771]
Event: 2.278 Thread 0x000001cb37cfac30 Exception <a 'java/lang/NoSuchMethodError'{0x00000000d87b7050}: 'int java.lang.invoke.DirectMethodHandle$Holder.invokeStaticInit(java.lang.Object, java.lang.Object, java.lang.Object, java.lang.Object)'> (0x00000000d87b7050) 
thrown [s\src\hotspot\share\interpreter\linkResolver.cpp, line 771]
Event: 2.280 Thread 0x000001cb37cfac30 Exception <a 'java/lang/NoSuchMethodError'{0x00000000d87c0778}: 'java.lang.Object java.lang.invoke.DirectMethodHandle$Holder.invokeInterface(java.lang.Object, java.lang.Object)'> (0x00000000d87c0778) 
thrown [s\src\hotspot\share\interpreter\linkResolver.cpp, line 771]
Event: 2.281 Thread 0x000001cb37cfac30 Exception <a 'java/lang/IncompatibleClassChangeError'{0x00000000d87c4010}: Found class java.lang.Object, but interface was expected> (0x00000000d87c4010) 
thrown [s\src\hotspot\share\interpreter\linkResolver.cpp, line 838]
Event: 2.281 Thread 0x000001cb37cfac30 Exception <a 'java/lang/NoSuchMethodError'{0x00000000d87c6f08}: 'void java.lang.invoke.DirectMethodHandle$Holder.invokeStaticInit(java.lang.Object, java.lang.Object)'> (0x00000000d87c6f08) 
thrown [s\src\hotspot\share\interpreter\linkResolver.cpp, line 771]
Event: 2.284 Thread 0x000001cb37cfac30 Exception <a 'java/lang/NoSuchMethodError'{0x00000000d87cd400}: 'int java.lang.invoke.DirectMethodHandle$Holder.invokeStaticInit(java.lang.Object, java.lang.Object)'> (0x00000000d87cd400) 
thrown [s\src\hotspot\share\interpreter\linkResolver.cpp, line 771]
Event: 2.348 Thread 0x000001cb37cfac30 Exception <a 'java/lang/NoSuchMethodError'{0x00000000d869bfc0}: 'int java.lang.invoke.DirectMethodHandle$Holder.invokeSpecial(java.lang.Object, java.lang.Object, java.lang.Object)'> (0x00000000d869bfc0) 
thrown [s\src\hotspot\share\interpreter\linkResolver.cpp, line 771]
Event: 2.543 Thread 0x000001cb37cfac30 Exception <a 'sun/nio/fs/WindowsException'{0x00000000d8f0a390}> (0x00000000d8f0a390) 
thrown [s\src\hotspot\share\prims\jni.cpp, line 517]
Event: 2.645 Thread 0x000001cb37cfac30 Exception <a 'java/lang/NoSuchMethodError'{0x00000000d8f55970}: 'void java.lang.invoke.DirectMethodHandle$Holder.invokeStatic(java.lang.Object, java.lang.Object, java.lang.Object)'> (0x00000000d8f55970) 
thrown [s\src\hotspot\share\interpreter\linkResolver.cpp, line 771]
Event: 2.783 Thread 0x000001cb37cfac30 Exception <a 'java/lang/NoSuchMethodError'{0x00000000d8df1348}: 'java.lang.Object java.lang.invoke.DirectMethodHandle$Holder.newInvokeSpecial(java.lang.Object, java.lang.Object, int)'> (0x00000000d8df1348) 
thrown [s\src\hotspot\share\interpreter\linkResolver.cpp, line 771]
Event: 3.044 Thread 0x000001cb37cfac30 Exception <a 'java/lang/NoSuchMethodError'{0x00000000d8709fa8}: static [Ljava/lang/Object;.<clinit>()V> (0x00000000d8709fa8) 
thrown [s\src\hotspot\share\prims\jni.cpp, line 1108]
Event: 3.143 Thread 0x000001cb37cfac30 Exception <a 'java/lang/NoSuchMethodError'{0x00000000d9101130}: static Lcom/intellij/database/remote/jdba/core/ConnectionInfo;.<clinit>()V> (0x00000000d9101130) 
thrown [s\src\hotspot\share\prims\jni.cpp, line 1108]
Event: 3.145 Thread 0x000001cb37cfac30 Exception <a 'java/lang/NoSuchMethodError'{0x00000000d910b4e8}: static Ljava/lang/Object;.<clinit>()V> (0x00000000d910b4e8) 
thrown [s\src\hotspot\share\prims\jni.cpp, line 1108]
Event: 3.146 Thread 0x000001cb37cfac30 Exception <a 'java/lang/NoSuchMethodError'{0x00000000d910f038}: static [I.<clinit>()V> (0x00000000d910f038) 
thrown [s\src\hotspot\share\prims\jni.cpp, line 1108]
Event: 3.221 Thread 0x000001cb37cfac30 Exception <a 'java/lang/NoSuchMethodError'{0x00000000d9056b10}: static Lcom/intellij/database/remote/jdba/core/ResultLayout;.<clinit>()V> (0x00000000d9056b10) 
thrown [s\src\hotspot\share\prims\jni.cpp, line 1108]
Event: 3.224 Thread 0x000001cb37cfac30 Exception <a 'java/lang/NoSuchMethodError'{0x00000000d90631e0}: static Lcom/intellij/database/remote/jdba/core/RowLayout;.<clinit>()V> (0x00000000d90631e0) 
thrown [s\src\hotspot\share\prims\jni.cpp, line 1108]
Event: 3.227 Thread 0x000001cb37cfac30 Exception <a 'java/lang/NoSuchMethodError'{0x00000000d906fd20}: static Lcom/intellij/database/remote/jdba/util/NameAndClass;.<clinit>()V> (0x00000000d906fd20) 
thrown [s\src\hotspot\share\prims\jni.cpp, line 1108]
Event: 4.346 Thread 0x000001cb37cfac30 Exception <a 'java/lang/NoSuchMethodError'{0x00000000d8c1d5d8}: static [Ljava/lang/String;.<clinit>()V> (0x00000000d8c1d5d8) 
thrown [s\src\hotspot\share\prims\jni.cpp, line 1108]
Event: 4.502 Thread 0x000001cb37cfac30 Exception <a 'java/lang/NoSuchMethodError'{0x00000000d8c5d748}: 'void java.lang.invoke.DirectMethodHandle$Holder.invokeSpecial(java.lang.Object, java.lang.Object, java.lang.Object)'> (0x00000000d8c5d748) 
thrown [s\src\hotspot\share\interpreter\linkResolver.cpp, line 771]
Event: 302.004 Thread 0x000001cb37cfa290 Exception <a 'java/lang/NoSuchMethodError'{0x00000000d8bce1b0}: 'java.lang.Object java.lang.invoke.DirectMethodHandle$Holder.newInvokeSpecial(java.lang.Object, java.lang.Object, int, java.lang.Object, long)'> (0x00000000d8bce1b0) 
thrown [s\src\hotspot\share\interpreter\linkResolver.cpp, line 771]

VM Operations (20 events):
Event: 6032.519 Executing VM operation: Cleanup
Event: 6032.524 Executing VM operation: Cleanup done
Event: 6168.615 Executing VM operation: Cleanup
Event: 6168.617 Executing VM operation: Cleanup done
Event: 6762.112 Executing VM operation: Cleanup
Event: 6762.175 Executing VM operation: Cleanup done
Event: 6771.231 Executing VM operation: Cleanup
Event: 6771.231 Executing VM operation: Cleanup done
Event: 6808.263 Executing VM operation: Cleanup
Event: 6808.263 Executing VM operation: Cleanup done
Event: 7172.460 Executing VM operation: Cleanup
Event: 7172.460 Executing VM operation: Cleanup done
Event: 7201.235 Executing VM operation: G1CollectFull
Event: 7201.510 Executing VM operation: G1CollectFull done
Event: 7880.094 Executing VM operation: Cleanup
Event: 7880.100 Executing VM operation: Cleanup done
Event: 8402.450 Executing VM operation: Cleanup
Event: 8402.454 Executing VM operation: Cleanup done
Event: 8893.898 Executing VM operation: Cleanup
Event: 8893.903 Executing VM operation: Cleanup done

Events (20 events):
Event: 8894.430 loading class sun/awt/AppContext$3
Event: 8894.504 loading class sun/awt/AppContext$3 done
Event: 8894.507 loading class sun/awt/AppContext$2
Event: 8894.513 loading class sun/awt/AppContext$2 done
Event: 8894.518 loading class sun/awt/AppContext$State
Event: 8894.530 loading class sun/awt/AppContext$State done
Event: 8894.541 loading class sun/awt/AppContext$1
Event: 8894.549 loading class sun/awt/AppContext$1 done
Event: 8894.550 loading class java/awt/EventQueue
Event: 8894.653 loading class java/awt/EventQueue done
Event: 8894.654 loading class java/awt/EventQueue$1
Event: 8894.657 loading class java/awt/EventQueue$1 done
Event: 8894.657 loading class java/awt/EventQueue$2
Event: 8894.658 loading class sun/awt/AWTAccessor$EventQueueAccessor
Event: 8894.660 loading class sun/awt/AWTAccessor$EventQueueAccessor done
Event: 8894.660 loading class java/awt/EventQueue$2 done
Event: 8894.661 loading class java/awt/EventQueue$3
Event: 8894.663 loading class java/awt/EventQueue$3 done
Event: 8894.665 loading class java/awt/Queue
Event: 8894.674 loading class java/awt/Queue done


Dynamic libraries:
0x00007ff783660000 - 0x00007ff78366a000 	C:\Program Files\JetBrains\IntelliJ IDEA 2022.3.2\jbr\bin\java.exe
0x00007ffb6e770000 - 0x00007ffb6e968000 	C:\Windows\SYSTEM32\ntdll.dll
0x00007ffb6da10000 - 0x00007ffb6dad1000 	C:\Windows\System32\KERNEL32.DLL
0x00007ffb6c220000 - 0x00007ffb6c51d000 	C:\Windows\System32\KERNELBASE.dll
0x00007ffb6be20000 - 0x00007ffb6bf20000 	C:\Windows\System32\ucrtbase.dll
0x00007ffb43430000 - 0x00007ffb43447000 	C:\Program Files\JetBrains\IntelliJ IDEA 2022.3.2\jbr\bin\jli.dll
0x00007ffb6cc70000 - 0x00007ffb6ce0d000 	C:\Windows\System32\USER32.dll
0x00007ffb6bf70000 - 0x00007ffb6bf92000 	C:\Windows\System32\win32u.dll
0x00007ffb6e700000 - 0x00007ffb6e72b000 	C:\Windows\System32\GDI32.dll
0x00007ffb6c100000 - 0x00007ffb6c217000 	C:\Windows\System32\gdi32full.dll
0x00007ffb6c650000 - 0x00007ffb6c6ed000 	C:\Windows\System32\msvcp_win.dll
0x00007ffb50610000 - 0x00007ffb508aa000 	C:\Windows\WinSxS\amd64_microsoft.windows.common-controls_6595b64144ccf1df_6.0.19041.4355_none_60b8b9eb71f62e16\COMCTL32.dll
0x00007ffb6db50000 - 0x00007ffb6dbee000 	C:\Windows\System32\msvcrt.dll
0x00007ffb424e0000 - 0x00007ffb424fb000 	C:\Program Files\JetBrains\IntelliJ IDEA 2022.3.2\jbr\bin\VCRUNTIME140.dll
0x00007ffb6c850000 - 0x00007ffb6c87f000 	C:\Windows\System32\IMM32.DLL
0x00007ffb66020000 - 0x00007ffb6602c000 	C:\Program Files\JetBrains\IntelliJ IDEA 2022.3.2\jbr\bin\vcruntime140_1.dll
0x00007ffb37460000 - 0x00007ffb374ed000 	C:\Program Files\JetBrains\IntelliJ IDEA 2022.3.2\jbr\bin\msvcp140.dll
0x00007ffad7a40000 - 0x00007ffad86ab000 	C:\Program Files\JetBrains\IntelliJ IDEA 2022.3.2\jbr\bin\server\jvm.dll
0x00007ffb6cbc0000 - 0x00007ffb6cc70000 	C:\Windows\System32\ADVAPI32.dll
0x00007ffb6cb20000 - 0x00007ffb6cbc0000 	C:\Windows\System32\sechost.dll
0x00007ffb6dcb0000 - 0x00007ffb6ddd3000 	C:\Windows\System32\RPCRT4.dll
0x00007ffb6c590000 - 0x00007ffb6c5b7000 	C:\Windows\System32\bcrypt.dll
0x00007ffb53890000 - 0x00007ffb53899000 	C:\Windows\SYSTEM32\WSOCK32.dll
0x00007ffb6ce70000 - 0x00007ffb6cedb000 	C:\Windows\System32\WS2_32.dll
0x00007ffb3e8d0000 - 0x00007ffb3e8f7000 	C:\Windows\SYSTEM32\WINMM.dll
0x00007ffb62150000 - 0x00007ffb6215a000 	C:\Windows\SYSTEM32\VERSION.dll
0x00007ffb6a5f0000 - 0x00007ffb6a602000 	C:\Windows\SYSTEM32\kernel.appcore.dll
0x00007ffb683d0000 - 0x00007ffb683da000 	C:\Program Files\JetBrains\IntelliJ IDEA 2022.3.2\jbr\bin\jimage.dll
0x00007ffb56300000 - 0x00007ffb564e4000 	C:\Windows\SYSTEM32\DBGHELP.DLL
0x00007ffb55f10000 - 0x00007ffb55f44000 	C:\Windows\SYSTEM32\dbgcore.DLL
0x00007ffb6c5c0000 - 0x00007ffb6c642000 	C:\Windows\System32\bcryptPrimitives.dll
0x00007ffb42fc0000 - 0x00007ffb42fe5000 	C:\Program Files\JetBrains\IntelliJ IDEA 2022.3.2\jbr\bin\java.dll
0x00007ffb42fa0000 - 0x00007ffb42fb8000 	C:\Program Files\JetBrains\IntelliJ IDEA 2022.3.2\jbr\bin\zip.dll
0x00007ffb6cee0000 - 0x00007ffb6d64f000 	C:\Windows\System32\SHELL32.dll
0x00007ffb69e10000 - 0x00007ffb6a5af000 	C:\Windows\SYSTEM32\windows.storage.dll
0x00007ffb6de70000 - 0x00007ffb6e1c3000 	C:\Windows\System32\combase.dll
0x00007ffb6b690000 - 0x00007ffb6b6be000 	C:\Windows\SYSTEM32\Wldp.dll
0x00007ffb6d670000 - 0x00007ffb6d73d000 	C:\Windows\System32\OLEAUT32.dll
0x00007ffb6dc00000 - 0x00007ffb6dcad000 	C:\Windows\System32\SHCORE.dll
0x00007ffb6e6a0000 - 0x00007ffb6e6f5000 	C:\Windows\System32\shlwapi.dll
0x00007ffb6bd50000 - 0x00007ffb6bd74000 	C:\Windows\SYSTEM32\profapi.dll
0x00007ffb3ee30000 - 0x00007ffb3ee49000 	C:\Program Files\JetBrains\IntelliJ IDEA 2022.3.2\jbr\bin\net.dll
0x00007ffb639a0000 - 0x00007ffb63aad000 	C:\Windows\SYSTEM32\WINHTTP.dll
0x00007ffb6b470000 - 0x00007ffb6b4da000 	C:\Windows\system32\mswsock.dll
0x00007ffb3e9a0000 - 0x00007ffb3e9b6000 	C:\Program Files\JetBrains\IntelliJ IDEA 2022.3.2\jbr\bin\nio.dll
0x00007ffb3afb0000 - 0x00007ffb3b143000 	C:\Program Files\JetBrains\IntelliJ IDEA 2022.3.2\jbr\bin\awt.dll
0x00007ffb698e0000 - 0x00007ffb6990f000 	C:\Windows\SYSTEM32\dwmapi.dll
0x00007ffb683e0000 - 0x00007ffb68474000 	C:\Windows\SYSTEM32\apphelp.dll
0x00007ffb69430000 - 0x00007ffb694ce000 	C:\Windows\system32\uxtheme.dll
0x00007ffb6d740000 - 0x00007ffb6d854000 	C:\Windows\System32\MSCTF.dll
0x00007ffb6d8e0000 - 0x00007ffb6da0b000 	C:\Windows\System32\ole32.dll
0x00007ffb6b170000 - 0x00007ffb6b1ab000 	C:\Windows\SYSTEM32\IPHLPAPI.DLL
0x00007ffb6db40000 - 0x00007ffb6db48000 	C:\Windows\System32\NSI.dll
0x00007ffb62500000 - 0x00007ffb62517000 	C:\Windows\SYSTEM32\dhcpcsvc6.DLL
0x00007ffb636d0000 - 0x00007ffb636ed000 	C:\Windows\SYSTEM32\dhcpcsvc.DLL
0x00007ffb6b1b0000 - 0x00007ffb6b27a000 	C:\Windows\SYSTEM32\DNSAPI.dll
0x00007ffb6b6d0000 - 0x00007ffb6b6e8000 	C:\Windows\SYSTEM32\CRYPTSP.dll
0x00007ffb6adb0000 - 0x00007ffb6ade4000 	C:\Windows\system32\rsaenh.dll
0x00007ffb6bcc0000 - 0x00007ffb6bcee000 	C:\Windows\SYSTEM32\USERENV.dll
0x00007ffb6b600000 - 0x00007ffb6b60c000 	C:\Windows\SYSTEM32\CRYPTBASE.dll
0x00007ffb64e50000 - 0x00007ffb64e57000 	C:\Program Files\JetBrains\IntelliJ IDEA 2022.3.2\jbr\bin\rmi.dll
0x00007ffb59400000 - 0x00007ffb5940a000 	C:\Windows\System32\rasadhlp.dll
0x00007ffb59bc0000 - 0x00007ffb59c40000 	C:\Windows\System32\fwpuclnt.dll
0x00007ffb65170000 - 0x00007ffb65179000 	C:\Program Files\JetBrains\IntelliJ IDEA 2022.3.2\jbr\bin\management.dll
0x00007ffb64ff0000 - 0x00007ffb64ffb000 	C:\Program Files\JetBrains\IntelliJ IDEA 2022.3.2\jbr\bin\management_ext.dll
0x00007ffb6ca30000 - 0x00007ffb6ca38000 	C:\Windows\System32\PSAPI.DLL
0x00007ffb65c20000 - 0x00007ffb65c2e000 	C:\Program Files\JetBrains\IntelliJ IDEA 2022.3.2\jbr\bin\sunmscapi.dll
0x00007ffb6bfa0000 - 0x00007ffb6c0fe000 	C:\Windows\System32\CRYPT32.dll
0x00007ffb6b7e0000 - 0x00007ffb6b809000 	C:\Windows\SYSTEM32\ncrypt.dll
0x00007ffb6b7a0000 - 0x00007ffb6b7db000 	C:\Windows\SYSTEM32\NTASN1.dll

dbghelp: loaded successfully - version: 4.0.5 - missing functions: none
symbol engine: initialized successfully - sym options: 0x614 - pdb path: .;C:\Program Files\JetBrains\IntelliJ IDEA 2022.3.2\jbr\bin;C:\Windows\SYSTEM32;C:\Windows\WinSxS\amd64_microsoft.windows.common-controls_6595b64144ccf1df_6.0.19041.4355_none_60b8b9eb71f62e16;C:\Program Files\JetBrains\IntelliJ IDEA 2022.3.2\jbr\bin\server

VM Arguments:
jvm_args: -Dawt.toolkit=com.intellij.desktop.DesktopActionsToolkit -Djava.rmi.server.hostname=127.0.0.1 -Duser.timezone=UTC -Xmx750m -Xms128m --add-exports=java.desktop/sun.awt=ALL-UNNAMED --add-exports=java.desktop/java.awt.peer=ALL-UNNAMED --add-opens=java.desktop/java.awt=ALL-UNNAMED --add-opens=jdk.unsupported/sun.misc=ALL-UNNAMED --add-opens=java.base/java.nio=ALL-UNNAMED --add-opens=java.base/java.util=ALL-UNNAMED -Dfile.encoding=UTF-8 
java_command: com.intellij.database.remote.RemoteJdbcServer org.postgresql.Driver
java_class_path (initial): C:\Program Files\JetBrains\IntelliJ IDEA 2022.3.2\lib\util_rt.jar;C:\Program Files\JetBrains\IntelliJ IDEA 2022.3.2\lib\3rd-party-rt.jar;C:\Program Files\JetBrains\IntelliJ IDEA 2022.3.2\lib\groovy.jar;C:\Program Files\JetBrains\IntelliJ IDEA 2022.3.2\plugins\DatabaseTools\lib\jdbc-console.jar;C:\Program Files\JetBrains\IntelliJ IDEA 2022.3.2\plugins\grid-core-impl\lib\jdbc-console-types.jar;C:\Users\USER\AppData\Roaming\JetBrains\IntelliJIdea2022.3\jdbc-drivers\PostgreSQL\42.5.0\org\postgresql\postgresql\42.5.0\postgresql-42.5.0.jar;C:\Users\USER\AppData\Roaming\JetBrains\IntelliJIdea2022.3\jdbc-drivers\PostgreSQL\42.5.0\org\checkerframework\checker-qual\3.5.0\checker-qual-3.5.0.jar;C:\Users\USER\AppData\Roaming\JetBrains\IntelliJIdea2022.3\jdbc-drivers\PostgreSQL\42.5.0\net\java\dev\jna\jna-platform\4.5.1\jna-platform-4.5.1.jar;C:\Users\USER\AppData\Roaming\JetBrains\IntelliJIdea2022.3\jdbc-drivers\PostgreSQL\42.5.0\net\java\dev\jna\jna\4.5.1\jna-4.5.1.jar;C:\Users\USER\AppData\Roaming\JetBrains\IntelliJIdea2022.3\jdbc-drivers\PostgreSQL\42.5.0\com\github\waffle\waffle-jna\1.9.1\waffle-jna-1.9.1.jar;C:\Users\USER\AppData\Roaming\JetBrains\IntelliJIdea2022.3\jdbc-drivers\PostgreSQL\42.5.0\org\slf4j\jcl-over-slf4j\1.7.25\jcl-over-slf4j-1.7.25.jar;C:\Users\USER\AppData\Roaming\JetBrains\IntelliJIdea2022.3\jdbc-drivers\PostgreSQL\42.5.0\org\slf4j\slf4j-api\1.7.25\slf4j-api-1.7.25.jar;C:\Users\USER\AppData\Roaming\JetBrains\IntelliJIdea2022.3\jdbc-drivers\PostgreSQL\42.5.0\com\github\ben-manes\caffeine\caffeine\2.6.2\caffeine-2.6.2.jar
Launcher Type: SUN_STANDARD

[Global flags]
     intx CICompilerCount                          = 3                                         {product} {ergonomic}
     uint ConcGCThreads                            = 1                                         {product} {ergonomic}
     uint G1ConcRefinementThreads                  = 4                                         {product} {ergonomic}
   size_t G1HeapRegionSize                         = 1048576                                   {product} {ergonomic}
    uintx GCDrainStackTargetSize                   = 64                                        {product} {ergonomic}
   size_t InitialHeapSize                          = 134217728                                 {product} {command line}
   size_t MarkStackSize                            = 4194304                                   {product} {ergonomic}
   size_t MaxHeapSize                              = 786432000                                 {product} {command line}
   size_t MaxNewSize                               = 471859200                                 {product} {ergonomic}
   size_t MinHeapDeltaBytes                        = 1048576                                   {product} {ergonomic}
   size_t MinHeapSize                              = 134217728                                 {product} {command line}
    uintx NonNMethodCodeHeapSize                   = 5832780                                {pd product} {ergonomic}
    uintx NonProfiledCodeHeapSize                  = 122912730                              {pd product} {ergonomic}
    uintx ProfiledCodeHeapSize                     = 122912730                              {pd product} {ergonomic}
    uintx ReservedCodeCacheSize                    = 251658240                              {pd product} {ergonomic}
     bool SegmentedCodeCache                       = true                                      {product} {ergonomic}
   size_t SoftMaxHeapSize                          = 786432000                              {manageable} {ergonomic}
     bool UseCompressedClassPointers               = true                           {product lp64_product} {ergonomic}
     bool UseCompressedOops                        = true                           {product lp64_product} {ergonomic}
     bool UseG1GC                                  = true                                      {product} {ergonomic}
     bool UseLargePagesIndividualAllocation        = false                                  {pd product} {ergonomic}

Logging:
Log output configuration:
 #0: stdout all=warning uptime,level,tags
 #1: stderr all=off uptime,level,tags

Environment Variables:
JAVA_HOME=C:\Program Files\Java\jdk-19
PATH=C:\WINDOWS.X64_193000_db_home\bin;C:\Program Files\Common Files\Oracle\Java\javapath;C:\Program Files (x86)\Common Files\Oracle\Java\javapath;C:\Windows\system32;C:\Windows;C:\Windows\System32\Wbem;C:\Windows\System32\WindowsPowerShell\v1.0\;C:\Windows\System32\OpenSSH\;D:\SoftWareSetUp\Git\cmd;C:\Program Files (x86)\Microsoft SQL Server\160\Tools\Binn\;C:\Program Files\Microsoft SQL Server\160\Tools\Binn\;C:\Program Files\Microsoft SQL Server\Client SDK\ODBC\170\Tools\Binn\;C:\Program Files\Microsoft SQL Server\160\DTS\Binn\;C:\Program Files\Azure Data Studio\bin;C:\apache-maven-3.9.0-bin\apache-maven-3.9.0\bin;C:\Program Files\nodejs\;C:\Program Files\Docker\Docker\resources\bin;C:\xampp\php;C:\xampp\php;C:\Users\USER\AppData\Local\Programs\Python\Python312\Scripts\;C:\Users\USER\AppData\Local\Programs\Python\Python312\;C:\Users\USER\AppData\Local\Programs\;C:\Program Files\Java\jdk-19\bin;C:\Users\USER\AppData\Local\Programs\Python\Python312\Scripts\;C:\Users\USER\AppData\Local\Programs\Python\Python312\;C:\Users\USER\AppData\Local\Programs\Python\Launcher\;C:\Users\USER\AppData\Local\Microsoft\WindowsApps;C:\Program Files\Azure Data Studio\bin;C:\Users\USER\AppData\Local\Programs\Microsoft VS Code\bin;C:\Program Files\JetBrains\IntelliJ IDEA 2022.3.2\bin;;C:\Users\USER\AppData\Roaming\npm;C:\Program Files\JetBrains\WebStorm 2023.1.1\bin;;C:\gradle-8.1.1-bin\gradle-8.1.1\bin;C:\php-8.2.11;C:\platform-tools_r34.0.5-windows\platform-tools;
USERNAME=USER
OS=Windows_NT
PROCESSOR_IDENTIFIER=Intel64 Family 6 Model 78 Stepping 3, GenuineIntel
TMP=C:\Users\USER\AppData\Local\Temp
TEMP=C:\Users\USER\AppData\Local\Temp



---------------  S Y S T E M  ---------------

OS:
 Windows 10 , 64 bit Build 19041 (10.0.19041.4717)
OS uptime: 0 days 4:29 hours
Hyper-V role detected

CPU: total 4 (initial active 4) (2 cores per cpu, 2 threads per core) family 6 model 78 stepping 3 microcode 0xf0, cx8, cmov, fxsr, ht, mmx, 3dnowpref, sse, sse2, sse3, ssse3, sse4.1, sse4.2, popcnt, lzcnt, tsc, tscinvbit, avx, avx2, aes, erms, clmul, bmi1, bmi2, rtm, adx, fma, vzeroupper, clflush, clflushopt, hv

Memory: 4k page, system-wide physical 8047M (604M free)
TotalPageFile size 19591M (AvailPageFile size 242M)
current process WorkingSet (physical memory assigned to process): 31M, peak: 127M
current process commit charge ("private bytes"): 221M, peak: 264M

vm_info: OpenJDK 64-Bit Server VM (17.0.5+1-b653.25) for windows-amd64 JRE (17.0.5+1-b653.25), built on 2023-01-04 by "builduser" with MS VC++ 16.10 / 16.11 (VS2019)

END.
